Dec 27, 2019 5:54:30 PM javafx.fxml.FXMLLoader$ValueElement processValue
WARNING: Loading FXML document with JavaFX API of version 11.0.1 by JavaFX runtime of version 8.0.221
Dec 27, 2019 5:54:37 PM javafx.fxml.FXMLLoader$ValueElement processValue
WARNING: Loading FXML document with JavaFX API of version 11.0.1 by JavaFX runtime of version 8.0.221
Dec 27, 2019 5:55:31 PM javafx.fxml.FXMLLoader$ValueElement processValue
WARNING: Loading FXML document with JavaFX API of version 11.0.1 by JavaFX runtime of version 8.0.221
Dec 27, 2019 5:55:35 PM javafx.fxml.FXMLLoader$ValueElement processValue
WARNING: Loading FXML document with JavaFX API of version 11.0.1 by JavaFX runtime of version 8.0.221
Dec 27, 2019 5:55:41 PM javafx.fxml.FXMLLoader$ValueElement processValue
WARNING: Loading FXML document with JavaFX API of version 11.0.1 by JavaFX runtime of version 8.0.221
Dec 27, 2019 5:56:44 PM javafx.fxml.FXMLLoader$ValueElement processValue
WARNING: Loading FXML document with JavaFX API of version 11.0.1 by JavaFX runtime of version 8.0.221
Dec 28, 2019 3:38:06 PM javafx.fxml.FXMLLoader$ValueElement processValue
WARNING: Loading FXML document with JavaFX API of version 11.0.1 by JavaFX runtime of version 8.0.221
Dec 28, 2019 3:38:13 PM javafx.fxml.FXMLLoader$ValueElement processValue
WARNING: Loading FXML document with JavaFX API of version 11.0.1 by JavaFX runtime of version 8.0.221
Dec 28, 2019 3:39:05 PM javafx.fxml.FXMLLoader$ValueElement processValue
WARNING: Loading FXML document with JavaFX API of version 11.0.1 by JavaFX runtime of version 8.0.221
Dec 28, 2019 3:39:16 PM javafx.fxml.FXMLLoader$ValueElement processValue
WARNING: Loading FXML document with JavaFX API of version 11.0.1 by JavaFX runtime of version 8.0.221
Dec 28, 2019 9:51:52 PM javafx.fxml.FXMLLoader$ValueElement processValue
WARNING: Loading FXML document with JavaFX API of version 11.0.1 by JavaFX runtime of version 8.0.221
Dec 28, 2019 9:51:58 PM javafx.fxml.FXMLLoader$ValueElement processValue
WARNING: Loading FXML document with JavaFX API of version 11.0.1 by JavaFX runtime of version 8.0.221
Dec 28, 2019 9:52:28 PM javafx.fxml.FXMLLoader$ValueElement processValue
WARNING: Loading FXML document with JavaFX API of version 11.0.1 by JavaFX runtime of version 8.0.221
Dec 28, 2019 9:52:33 PM javafx.fxml.FXMLLoader$ValueElement processValue
WARNING: Loading FXML document with JavaFX API of version 11.0.1 by JavaFX runtime of version 8.0.221
Dec 28, 2019 9:53:36 PM javafx.fxml.FXMLLoader$ValueElement processValue
WARNING: Loading FXML document with JavaFX API of version 11.0.1 by JavaFX runtime of version 8.0.221
Dec 28, 2019 9:55:31 PM javafx.fxml.FXMLLoader$ValueElement processValue
WARNING: Loading FXML document with JavaFX API of version 11.0.1 by JavaFX runtime of version 8.0.221
Dec 28, 2019 9:56:49 PM javafx.fxml.FXMLLoader$ValueElement processValue
WARNING: Loading FXML document with JavaFX API of version 11.0.1 by JavaFX runtime of version 8.0.221
Dec 28, 2019 9:57:33 PM javafx.fxml.FXMLLoader$ValueElement processValue
WARNING: Loading FXML document with JavaFX API of version 11.0.1 by JavaFX runtime of version 8.0.221
Dec 28, 2019 9:58:27 PM javafx.fxml.FXMLLoader$ValueElement processValue
WARNING: Loading FXML document with JavaFX API of version 11.0.1 by JavaFX runtime of version 8.0.221
Dec 28, 2019 9:58:45 PM javafx.fxml.FXMLLoader$ValueElement processValue
WARNING: Loading FXML document with JavaFX API of version 11.0.1 by JavaFX runtime of version 8.0.221
Dec 28, 2019 9:58:58 PM javafx.fxml.FXMLLoader$ValueElement processValue
WARNING: Loading FXML document with JavaFX API of version 11.0.1 by JavaFX runtime of version 8.0.221
Dec 28, 2019 9:58:58 PM com.sun.javafx.css.parser.CSSParser term
WARNING: CSS Error parsing file:/E:/IJSE%20Important/Leave-and-Payroll-system/out/production/Leave-and-Payroll-system/lk/ijse/dep/payroll/view/style/empMainStyle.css: Unexpected token '16EE' at [31,19]
Dec 28, 2019 9:59:02 PM javafx.fxml.FXMLLoader$ValueElement processValue
WARNING: Loading FXML document with JavaFX API of version 11.0.1 by JavaFX runtime of version 8.0.221
Dec 28, 2019 10:00:19 PM javafx.fxml.FXMLLoader$ValueElement processValue
WARNING: Loading FXML document with JavaFX API of version 11.0.1 by JavaFX runtime of version 8.0.221
Dec 28, 2019 10:00:56 PM javafx.fxml.FXMLLoader$ValueElement processValue
WARNING: Loading FXML document with JavaFX API of version 11.0.1 by JavaFX runtime of version 8.0.221
Dec 28, 2019 10:02:09 PM javafx.fxml.FXMLLoader$ValueElement processValue
WARNING: Loading FXML document with JavaFX API of version 11.0.1 by JavaFX runtime of version 8.0.221
Dec 28, 2019 10:02:16 PM javafx.fxml.FXMLLoader$ValueElement processValue
WARNING: Loading FXML document with JavaFX API of version 11.0.1 by JavaFX runtime of version 8.0.221
Dec 28, 2019 10:03:28 PM javafx.fxml.FXMLLoader$ValueElement processValue
WARNING: Loading FXML document with JavaFX API of version 11.0.1 by JavaFX runtime of version 8.0.221
Dec 28, 2019 10:03:34 PM javafx.fxml.FXMLLoader$ValueElement processValue
WARNING: Loading FXML document with JavaFX API of version 11.0.1 by JavaFX runtime of version 8.0.221
Dec 28, 2019 10:07:17 PM javafx.fxml.FXMLLoader$ValueElement processValue
WARNING: Loading FXML document with JavaFX API of version 11.0.1 by JavaFX runtime of version 8.0.221
Dec 28, 2019 10:07:23 PM javafx.fxml.FXMLLoader$ValueElement processValue
WARNING: Loading FXML document with JavaFX API of version 11.0.1 by JavaFX runtime of version 8.0.221
Dec 29, 2019 12:37:13 PM javafx.fxml.FXMLLoader$ValueElement processValue
WARNING: Loading FXML document with JavaFX API of version 11.0.1 by JavaFX runtime of version 8.0.221
Dec 29, 2019 12:37:20 PM javafx.fxml.FXMLLoader$ValueElement processValue
WARNING: Loading FXML document with JavaFX API of version 11.0.1 by JavaFX runtime of version 8.0.221
Dec 29, 2019 12:39:50 PM javafx.fxml.FXMLLoader$ValueElement processValue
WARNING: Loading FXML document with JavaFX API of version 11.0.1 by JavaFX runtime of version 8.0.221
Dec 29, 2019 12:39:56 PM javafx.fxml.FXMLLoader$ValueElement processValue
WARNING: Loading FXML document with JavaFX API of version 11.0.1 by JavaFX runtime of version 8.0.221
Dec 29, 2019 6:28:44 PM javafx.fxml.FXMLLoader$ValueElement processValue
WARNING: Loading FXML document with JavaFX API of version 11.0.1 by JavaFX runtime of version 8.0.221
Dec 29, 2019 6:28:53 PM javafx.fxml.FXMLLoader$ValueElement processValue
WARNING: Loading FXML document with JavaFX API of version 11.0.1 by JavaFX runtime of version 8.0.221
Dec 29, 2019 6:37:01 PM javafx.fxml.FXMLLoader$ValueElement processValue
WARNING: Loading FXML document with JavaFX API of version 11.0.1 by JavaFX runtime of version 8.0.221
Dec 29, 2019 6:37:07 PM javafx.fxml.FXMLLoader$ValueElement processValue
WARNING: Loading FXML document with JavaFX API of version 11.0.1 by JavaFX runtime of version 8.0.221
Dec 29, 2019 6:53:27 PM javafx.fxml.FXMLLoader$ValueElement processValue
WARNING: Loading FXML document with JavaFX API of version 11.0.1 by JavaFX runtime of version 8.0.221
Dec 29, 2019 6:53:33 PM javafx.fxml.FXMLLoader$ValueElement processValue
WARNING: Loading FXML document with JavaFX API of version 11.0.1 by JavaFX runtime of version 8.0.221
Dec 29, 2019 6:55:39 PM javafx.fxml.FXMLLoader$ValueElement processValue
WARNING: Loading FXML document with JavaFX API of version 11.0.1 by JavaFX runtime of version 8.0.221
Dec 29, 2019 6:55:46 PM javafx.fxml.FXMLLoader$ValueElement processValue
WARNING: Loading FXML document with JavaFX API of version 11.0.1 by JavaFX runtime of version 8.0.221
Dec 29, 2019 6:56:02 PM javafx.fxml.FXMLLoader$ValueElement processValue
WARNING: Loading FXML document with JavaFX API of version 11.0.1 by JavaFX runtime of version 8.0.221
Dec 29, 2019 6:56:10 PM javafx.fxml.FXMLLoader$ValueElement processValue
WARNING: Loading FXML document with JavaFX API of version 11.0.1 by JavaFX runtime of version 8.0.221
Dec 29, 2019 7:00:04 PM javafx.fxml.FXMLLoader$ValueElement processValue
WARNING: Loading FXML document with JavaFX API of version 11.0.1 by JavaFX runtime of version 8.0.221
Dec 29, 2019 7:00:11 PM javafx.fxml.FXMLLoader$ValueElement processValue
WARNING: Loading FXML document with JavaFX API of version 11.0.1 by JavaFX runtime of version 8.0.221
Dec 29, 2019 7:00:21 PM javafx.fxml.FXMLLoader$ValueElement processValue
WARNING: Loading FXML document with JavaFX API of version 11.0.1 by JavaFX runtime of version 8.0.221
Dec 29, 2019 7:00:23 PM javafx.fxml.FXMLLoader$ValueElement processValue
WARNING: Loading FXML document with JavaFX API of version 11.0.1 by JavaFX runtime of version 8.0.221
Dec 29, 2019 7:01:50 PM javafx.fxml.FXMLLoader$ValueElement processValue
WARNING: Loading FXML document with JavaFX API of version 11.0.1 by JavaFX runtime of version 8.0.221
Dec 29, 2019 7:01:56 PM javafx.fxml.FXMLLoader$ValueElement processValue
WARNING: Loading FXML document with JavaFX API of version 11.0.1 by JavaFX runtime of version 8.0.221
Dec 29, 2019 7:02:10 PM javafx.fxml.FXMLLoader$ValueElement processValue
WARNING: Loading FXML document with JavaFX API of version 11.0.1 by JavaFX runtime of version 8.0.221
Dec 29, 2019 7:02:12 PM javafx.fxml.FXMLLoader$ValueElement processValue
WARNING: Loading FXML document with JavaFX API of version 11.0.1 by JavaFX runtime of version 8.0.221
Dec 29, 2019 7:03:58 PM javafx.fxml.FXMLLoader$ValueElement processValue
WARNING: Loading FXML document with JavaFX API of version 11.0.1 by JavaFX runtime of version 8.0.221
Dec 29, 2019 7:04:04 PM javafx.fxml.FXMLLoader$ValueElement processValue
WARNING: Loading FXML document with JavaFX API of version 11.0.1 by JavaFX runtime of version 8.0.221
Dec 29, 2019 7:04:16 PM javafx.fxml.FXMLLoader$ValueElement processValue
WARNING: Loading FXML document with JavaFX API of version 11.0.1 by JavaFX runtime of version 8.0.221
Dec 29, 2019 7:04:18 PM javafx.fxml.FXMLLoader$ValueElement processValue
WARNING: Loading FXML document with JavaFX API of version 11.0.1 by JavaFX runtime of version 8.0.221
Dec 29, 2019 9:52:23 PM javafx.fxml.FXMLLoader$ValueElement processValue
WARNING: Loading FXML document with JavaFX API of version 11.0.1 by JavaFX runtime of version 8.0.221
Dec 29, 2019 9:52:29 PM javafx.fxml.FXMLLoader$ValueElement processValue
WARNING: Loading FXML document with JavaFX API of version 11.0.1 by JavaFX runtime of version 8.0.221
Dec 29, 2019 9:52:54 PM javafx.fxml.FXMLLoader$ValueElement processValue
WARNING: Loading FXML document with JavaFX API of version 11.0.1 by JavaFX runtime of version 8.0.221
Dec 29, 2019 9:52:59 PM javafx.fxml.FXMLLoader$ValueElement processValue
WARNING: Loading FXML document with JavaFX API of version 11.0.1 by JavaFX runtime of version 8.0.221
Dec 29, 2019 9:54:44 PM javafx.fxml.FXMLLoader$ValueElement processValue
WARNING: Loading FXML document with JavaFX API of version 11.0.1 by JavaFX runtime of version 8.0.221
Dec 29, 2019 9:54:50 PM javafx.fxml.FXMLLoader$ValueElement processValue
WARNING: Loading FXML document with JavaFX API of version 11.0.1 by JavaFX runtime of version 8.0.221
Dec 29, 2019 9:54:59 PM javafx.fxml.FXMLLoader$ValueElement processValue
WARNING: Loading FXML document with JavaFX API of version 11.0.1 by JavaFX runtime of version 8.0.221
Dec 29, 2019 9:55:02 PM javafx.fxml.FXMLLoader$ValueElement processValue
WARNING: Loading FXML document with JavaFX API of version 11.0.1 by JavaFX runtime of version 8.0.221
Dec 29, 2019 9:58:11 PM javafx.fxml.FXMLLoader$ValueElement processValue
WARNING: Loading FXML document with JavaFX API of version 11.0.1 by JavaFX runtime of version 8.0.221
Dec 29, 2019 9:58:17 PM javafx.fxml.FXMLLoader$ValueElement processValue
WARNING: Loading FXML document with JavaFX API of version 11.0.1 by JavaFX runtime of version 8.0.221
Dec 29, 2019 9:58:27 PM javafx.fxml.FXMLLoader$ValueElement processValue
WARNING: Loading FXML document with JavaFX API of version 11.0.1 by JavaFX runtime of version 8.0.221
Dec 29, 2019 9:58:29 PM javafx.fxml.FXMLLoader$ValueElement processValue
WARNING: Loading FXML document with JavaFX API of version 11.0.1 by JavaFX runtime of version 8.0.221
Dec 29, 2019 9:59:51 PM javafx.fxml.FXMLLoader$ValueElement processValue
WARNING: Loading FXML document with JavaFX API of version 11.0.1 by JavaFX runtime of version 8.0.221
Dec 29, 2019 9:59:58 PM javafx.fxml.FXMLLoader$ValueElement processValue
WARNING: Loading FXML document with JavaFX API of version 11.0.1 by JavaFX runtime of version 8.0.221
Dec 29, 2019 10:00:09 PM javafx.fxml.FXMLLoader$ValueElement processValue
WARNING: Loading FXML document with JavaFX API of version 11.0.1 by JavaFX runtime of version 8.0.221
Dec 29, 2019 10:00:11 PM javafx.fxml.FXMLLoader$ValueElement processValue
WARNING: Loading FXML document with JavaFX API of version 11.0.1 by JavaFX runtime of version 8.0.221
Dec 29, 2019 10:02:18 PM javafx.fxml.FXMLLoader$ValueElement processValue
WARNING: Loading FXML document with JavaFX API of version 11.0.1 by JavaFX runtime of version 8.0.221
Dec 29, 2019 10:02:25 PM javafx.fxml.FXMLLoader$ValueElement processValue
WARNING: Loading FXML document with JavaFX API of version 11.0.1 by JavaFX runtime of version 8.0.221
Dec 29, 2019 10:02:34 PM javafx.fxml.FXMLLoader$ValueElement processValue
WARNING: Loading FXML document with JavaFX API of version 11.0.1 by JavaFX runtime of version 8.0.221
Dec 29, 2019 10:02:36 PM javafx.fxml.FXMLLoader$ValueElement processValue
WARNING: Loading FXML document with JavaFX API of version 11.0.1 by JavaFX runtime of version 8.0.221
Dec 29, 2019 10:04:05 PM javafx.fxml.FXMLLoader$ValueElement processValue
WARNING: Loading FXML document with JavaFX API of version 11.0.1 by JavaFX runtime of version 8.0.221
Dec 29, 2019 10:04:11 PM javafx.fxml.FXMLLoader$ValueElement processValue
WARNING: Loading FXML document with JavaFX API of version 11.0.1 by JavaFX runtime of version 8.0.221
Dec 29, 2019 10:04:21 PM javafx.fxml.FXMLLoader$ValueElement processValue
WARNING: Loading FXML document with JavaFX API of version 11.0.1 by JavaFX runtime of version 8.0.221
Dec 29, 2019 10:04:24 PM javafx.fxml.FXMLLoader$ValueElement processValue
WARNING: Loading FXML document with JavaFX API of version 11.0.1 by JavaFX runtime of version 8.0.221
Dec 29, 2019 10:05:38 PM javafx.fxml.FXMLLoader$ValueElement processValue
WARNING: Loading FXML document with JavaFX API of version 11.0.1 by JavaFX runtime of version 8.0.221
Dec 29, 2019 10:05:45 PM javafx.fxml.FXMLLoader$ValueElement processValue
WARNING: Loading FXML document with JavaFX API of version 11.0.1 by JavaFX runtime of version 8.0.221
Dec 29, 2019 10:06:00 PM javafx.fxml.FXMLLoader$ValueElement processValue
WARNING: Loading FXML document with JavaFX API of version 11.0.1 by JavaFX runtime of version 8.0.221
Dec 29, 2019 10:06:02 PM javafx.fxml.FXMLLoader$ValueElement processValue
WARNING: Loading FXML document with JavaFX API of version 11.0.1 by JavaFX runtime of version 8.0.221
Dec 29, 2019 10:08:34 PM javafx.fxml.FXMLLoader$ValueElement processValue
WARNING: Loading FXML document with JavaFX API of version 11.0.1 by JavaFX runtime of version 8.0.221
Dec 29, 2019 10:08:40 PM javafx.fxml.FXMLLoader$ValueElement processValue
WARNING: Loading FXML document with JavaFX API of version 11.0.1 by JavaFX runtime of version 8.0.221
Dec 29, 2019 10:08:49 PM javafx.fxml.FXMLLoader$ValueElement processValue
WARNING: Loading FXML document with JavaFX API of version 11.0.1 by JavaFX runtime of version 8.0.221
Dec 29, 2019 10:08:51 PM javafx.fxml.FXMLLoader$ValueElement processValue
WARNING: Loading FXML document with JavaFX API of version 11.0.1 by JavaFX runtime of version 8.0.221
Dec 29, 2019 10:10:15 PM javafx.fxml.FXMLLoader$ValueElement processValue
WARNING: Loading FXML document with JavaFX API of version 11.0.1 by JavaFX runtime of version 8.0.221
Dec 29, 2019 10:10:22 PM javafx.fxml.FXMLLoader$ValueElement processValue
WARNING: Loading FXML document with JavaFX API of version 11.0.1 by JavaFX runtime of version 8.0.221
Dec 29, 2019 10:10:32 PM javafx.fxml.FXMLLoader$ValueElement processValue
WARNING: Loading FXML document with JavaFX API of version 11.0.1 by JavaFX runtime of version 8.0.221
Dec 29, 2019 10:10:34 PM javafx.fxml.FXMLLoader$ValueElement processValue
WARNING: Loading FXML document with JavaFX API of version 11.0.1 by JavaFX runtime of version 8.0.221
Dec 29, 2019 10:14:48 PM javafx.fxml.FXMLLoader$ValueElement processValue
WARNING: Loading FXML document with JavaFX API of version 11.0.1 by JavaFX runtime of version 8.0.221
Dec 29, 2019 10:14:54 PM javafx.fxml.FXMLLoader$ValueElement processValue
WARNING: Loading FXML document with JavaFX API of version 11.0.1 by JavaFX runtime of version 8.0.221
Dec 29, 2019 10:15:04 PM javafx.fxml.FXMLLoader$ValueElement processValue
WARNING: Loading FXML document with JavaFX API of version 11.0.1 by JavaFX runtime of version 8.0.221
Dec 29, 2019 10:15:06 PM javafx.fxml.FXMLLoader$ValueElement processValue
WARNING: Loading FXML document with JavaFX API of version 11.0.1 by JavaFX runtime of version 8.0.221
Dec 29, 2019 10:32:23 PM javafx.fxml.FXMLLoader$ValueElement processValue
WARNING: Loading FXML document with JavaFX API of version 11.0.1 by JavaFX runtime of version 8.0.221
Dec 29, 2019 10:32:30 PM javafx.fxml.FXMLLoader$ValueElement processValue
WARNING: Loading FXML document with JavaFX API of version 11.0.1 by JavaFX runtime of version 8.0.221
Dec 29, 2019 10:32:43 PM javafx.fxml.FXMLLoader$ValueElement processValue
WARNING: Loading FXML document with JavaFX API of version 11.0.1 by JavaFX runtime of version 8.0.221
Dec 29, 2019 10:32:45 PM javafx.fxml.FXMLLoader$ValueElement processValue
WARNING: Loading FXML document with JavaFX API of version 11.0.1 by JavaFX runtime of version 8.0.221
Dec 29, 2019 10:35:31 PM javafx.fxml.FXMLLoader$ValueElement processValue
WARNING: Loading FXML document with JavaFX API of version 11.0.1 by JavaFX runtime of version 8.0.221
Dec 29, 2019 10:35:37 PM javafx.fxml.FXMLLoader$ValueElement processValue
WARNING: Loading FXML document with JavaFX API of version 11.0.1 by JavaFX runtime of version 8.0.221
Dec 29, 2019 10:35:47 PM javafx.fxml.FXMLLoader$ValueElement processValue
WARNING: Loading FXML document with JavaFX API of version 11.0.1 by JavaFX runtime of version 8.0.221
Dec 29, 2019 10:35:49 PM javafx.fxml.FXMLLoader$ValueElement processValue
WARNING: Loading FXML document with JavaFX API of version 11.0.1 by JavaFX runtime of version 8.0.221
Dec 29, 2019 10:37:20 PM javafx.fxml.FXMLLoader$ValueElement processValue
WARNING: Loading FXML document with JavaFX API of version 11.0.1 by JavaFX runtime of version 8.0.221
Dec 29, 2019 10:37:27 PM javafx.fxml.FXMLLoader$ValueElement processValue
WARNING: Loading FXML document with JavaFX API of version 11.0.1 by JavaFX runtime of version 8.0.221
Dec 29, 2019 10:37:39 PM javafx.fxml.FXMLLoader$ValueElement processValue
WARNING: Loading FXML document with JavaFX API of version 11.0.1 by JavaFX runtime of version 8.0.221
Dec 29, 2019 10:37:41 PM javafx.fxml.FXMLLoader$ValueElement processValue
WARNING: Loading FXML document with JavaFX API of version 11.0.1 by JavaFX runtime of version 8.0.221
Dec 29, 2019 10:39:00 PM javafx.fxml.FXMLLoader$ValueElement processValue
WARNING: Loading FXML document with JavaFX API of version 11.0.1 by JavaFX runtime of version 8.0.221
Dec 29, 2019 10:39:06 PM javafx.fxml.FXMLLoader$ValueElement processValue
WARNING: Loading FXML document with JavaFX API of version 11.0.1 by JavaFX runtime of version 8.0.221
Dec 29, 2019 10:39:16 PM javafx.fxml.FXMLLoader$ValueElement processValue
WARNING: Loading FXML document with JavaFX API of version 11.0.1 by JavaFX runtime of version 8.0.221
Dec 29, 2019 10:39:19 PM javafx.fxml.FXMLLoader$ValueElement processValue
WARNING: Loading FXML document with JavaFX API of version 11.0.1 by JavaFX runtime of version 8.0.221
Dec 29, 2019 10:41:35 PM javafx.fxml.FXMLLoader$ValueElement processValue
WARNING: Loading FXML document with JavaFX API of version 11.0.1 by JavaFX runtime of version 8.0.221
Dec 29, 2019 10:41:41 PM javafx.fxml.FXMLLoader$ValueElement processValue
WARNING: Loading FXML document with JavaFX API of version 11.0.1 by JavaFX runtime of version 8.0.221
Dec 29, 2019 10:41:50 PM javafx.fxml.FXMLLoader$ValueElement processValue
WARNING: Loading FXML document with JavaFX API of version 11.0.1 by JavaFX runtime of version 8.0.221
Dec 29, 2019 10:42:02 PM javafx.fxml.FXMLLoader$ValueElement processValue
WARNING: Loading FXML document with JavaFX API of version 11.0.1 by JavaFX runtime of version 8.0.221
Dec 29, 2019 10:44:09 PM javafx.fxml.FXMLLoader$ValueElement processValue
WARNING: Loading FXML document with JavaFX API of version 11.0.1 by JavaFX runtime of version 8.0.221
Dec 29, 2019 10:44:17 PM javafx.fxml.FXMLLoader$ValueElement processValue
WARNING: Loading FXML document with JavaFX API of version 11.0.1 by JavaFX runtime of version 8.0.221
Dec 29, 2019 10:54:52 PM lk.ijse.dep.payroll.controller.MainFromController$1 changed
SEVERE: null
java.lang.NullPointerException
	at lk.ijse.dep.payroll.dao.CrudUtil.execute(CrudUtil.java:11)
	at lk.ijse.dep.payroll.dao.custom.impl.EmployeeDAOImpl.findAll(EmployeeDAOImpl.java:16)
	at lk.ijse.dep.payroll.Buisness.custom.impl.EmployeeBOImpl.getAllEmployeeIDs(EmployeeBOImpl.java:79)
	at lk.ijse.dep.payroll.controller.MainFromController$1.changed(MainFromController.java:59)
	at lk.ijse.dep.payroll.controller.MainFromController$1.changed(MainFromController.java:51)
	at com.sun.javafx.binding.ExpressionHelper$Generic.fireValueChangedEvent(ExpressionHelper.java:361)
	at com.sun.javafx.binding.ExpressionHelper.fireValueChangedEvent(ExpressionHelper.java:81)
	at javafx.scene.control.TextInputControl$TextProperty.fireValueChangedEvent(TextInputControl.java:1389)
	at javafx.scene.control.TextInputControl$TextProperty.markInvalid(TextInputControl.java:1393)
	at javafx.scene.control.TextInputControl$TextProperty.controlContentHasChanged(TextInputControl.java:1332)
	at javafx.scene.control.TextInputControl$TextProperty.access$1600(TextInputControl.java:1300)
	at javafx.scene.control.TextInputControl.lambda$new$0(TextInputControl.java:139)
	at com.sun.javafx.binding.ExpressionHelper$SingleInvalidation.fireValueChangedEvent(ExpressionHelper.java:137)
	at com.sun.javafx.binding.ExpressionHelper.fireValueChangedEvent(ExpressionHelper.java:81)
	at javafx.scene.control.TextField$TextFieldContent.insert(TextField.java:87)
	at javafx.scene.control.TextInputControl.replaceText(TextInputControl.java:1204)
	at javafx.scene.control.TextInputControl.updateContent(TextInputControl.java:556)
	at javafx.scene.control.TextInputControl.replaceText(TextInputControl.java:548)
	at com.sun.javafx.scene.control.skin.TextFieldSkin.replaceText(TextFieldSkin.java:576)
	at com.sun.javafx.scene.control.behavior.TextFieldBehavior.replaceText(TextFieldBehavior.java:202)
	at com.sun.javafx.scene.control.behavior.TextInputControlBehavior.defaultKeyTyped(TextInputControlBehavior.java:238)
	at com.sun.javafx.scene.control.behavior.TextInputControlBehavior.callAction(TextInputControlBehavior.java:139)
	at com.sun.javafx.scene.control.behavior.BehaviorBase.callActionForEvent(BehaviorBase.java:218)
	at com.sun.javafx.scene.control.behavior.TextInputControlBehavior.callActionForEvent(TextInputControlBehavior.java:127)
	at com.sun.javafx.scene.control.behavior.BehaviorBase.lambda$new$0(BehaviorBase.java:135)
	at com.sun.javafx.event.CompositeEventHandler$NormalEventHandlerRecord.handleBubblingEvent(CompositeEventHandler.java:218)
	at com.sun.javafx.event.CompositeEventHandler.dispatchBubblingEvent(CompositeEventHandler.java:80)
	at com.sun.javafx.event.EventHandlerManager.dispatchBubblingEvent(EventHandlerManager.java:238)
	at com.sun.javafx.event.EventHandlerManager.dispatchBubblingEvent(EventHandlerManager.java:191)
	at com.sun.javafx.event.CompositeEventDispatcher.dispatchBubblingEvent(CompositeEventDispatcher.java:59)
	at com.sun.javafx.event.BasicEventDispatcher.dispatchEvent(BasicEventDispatcher.java:58)
	at com.sun.javafx.event.EventDispatchChainImpl.dispatchEvent(EventDispatchChainImpl.java:114)
	at com.sun.javafx.event.BasicEventDispatcher.dispatchEvent(BasicEventDispatcher.java:56)
	at com.sun.javafx.event.EventDispatchChainImpl.dispatchEvent(EventDispatchChainImpl.java:114)
	at com.sun.javafx.event.BasicEventDispatcher.dispatchEvent(BasicEventDispatcher.java:56)
	at com.sun.javafx.event.EventDispatchChainImpl.dispatchEvent(EventDispatchChainImpl.java:114)
	at com.sun.javafx.event.EventUtil.fireEventImpl(EventUtil.java:74)
	at com.sun.javafx.event.EventUtil.fireEvent(EventUtil.java:54)
	at javafx.event.Event.fireEvent(Event.java:198)
	at javafx.scene.Scene$KeyHandler.process(Scene.java:3964)
	at javafx.scene.Scene$KeyHandler.access$1800(Scene.java:3910)
	at javafx.scene.Scene.impl_processKeyEvent(Scene.java:2040)
	at javafx.scene.Scene$ScenePeerListener.keyEvent(Scene.java:2501)
	at com.sun.javafx.tk.quantum.GlassViewEventHandler$KeyEventNotification.run(GlassViewEventHandler.java:217)
	at com.sun.javafx.tk.quantum.GlassViewEventHandler$KeyEventNotification.run(GlassViewEventHandler.java:149)
	at java.security.AccessController.doPrivileged(Native Method)
	at com.sun.javafx.tk.quantum.GlassViewEventHandler.lambda$handleKeyEvent$1(GlassViewEventHandler.java:248)
	at com.sun.javafx.tk.quantum.QuantumToolkit.runWithoutRenderLock(QuantumToolkit.java:410)
	at com.sun.javafx.tk.quantum.GlassViewEventHandler.handleKeyEvent(GlassViewEventHandler.java:247)
	at com.sun.glass.ui.View.handleKeyEvent(View.java:546)
	at com.sun.glass.ui.View.notifyKey(View.java:966)
	at com.sun.glass.ui.win.WinApplication._runLoop(Native Method)
	at com.sun.glass.ui.win.WinApplication.lambda$null$3(WinApplication.java:177)
	at java.lang.Thread.run(Thread.java:748)

Dec 29, 2019 10:55:15 PM javafx.fxml.FXMLLoader$ValueElement processValue
WARNING: Loading FXML document with JavaFX API of version 11.0.1 by JavaFX runtime of version 8.0.221
Dec 29, 2019 10:55:22 PM javafx.fxml.FXMLLoader$ValueElement processValue
WARNING: Loading FXML document with JavaFX API of version 11.0.1 by JavaFX runtime of version 8.0.221
Dec 29, 2019 10:55:33 PM javafx.fxml.FXMLLoader$ValueElement processValue
WARNING: Loading FXML document with JavaFX API of version 11.0.1 by JavaFX runtime of version 8.0.221
Dec 29, 2019 10:55:35 PM javafx.fxml.FXMLLoader$ValueElement processValue
WARNING: Loading FXML document with JavaFX API of version 11.0.1 by JavaFX runtime of version 8.0.221
Dec 30, 2019 7:27:34 AM javafx.fxml.FXMLLoader$ValueElement processValue
WARNING: Loading FXML document with JavaFX API of version 11.0.1 by JavaFX runtime of version 8.0.221
Dec 30, 2019 7:27:46 AM javafx.fxml.FXMLLoader$ValueElement processValue
WARNING: Loading FXML document with JavaFX API of version 11.0.1 by JavaFX runtime of version 8.0.221
Dec 30, 2019 7:28:04 AM javafx.fxml.FXMLLoader$ValueElement processValue
WARNING: Loading FXML document with JavaFX API of version 11.0.1 by JavaFX runtime of version 8.0.221
Dec 30, 2019 7:28:08 AM javafx.fxml.FXMLLoader$ValueElement processValue
WARNING: Loading FXML document with JavaFX API of version 11.0.1 by JavaFX runtime of version 8.0.221
Dec 30, 2019 7:54:15 AM javafx.fxml.FXMLLoader$ValueElement processValue
WARNING: Loading FXML document with JavaFX API of version 11.0.1 by JavaFX runtime of version 8.0.221
Dec 30, 2019 7:54:22 AM javafx.fxml.FXMLLoader$ValueElement processValue
WARNING: Loading FXML document with JavaFX API of version 11.0.1 by JavaFX runtime of version 8.0.221
Dec 30, 2019 7:54:30 AM javafx.fxml.FXMLLoader$ValueElement processValue
WARNING: Loading FXML document with JavaFX API of version 11.0.1 by JavaFX runtime of version 8.0.221
Dec 30, 2019 7:54:32 AM javafx.fxml.FXMLLoader$ValueElement processValue
WARNING: Loading FXML document with JavaFX API of version 11.0.1 by JavaFX runtime of version 8.0.221
Dec 30, 2019 7:57:20 AM javafx.fxml.FXMLLoader$ValueElement processValue
WARNING: Loading FXML document with JavaFX API of version 11.0.1 by JavaFX runtime of version 8.0.221
Dec 30, 2019 7:57:26 AM javafx.fxml.FXMLLoader$ValueElement processValue
WARNING: Loading FXML document with JavaFX API of version 11.0.1 by JavaFX runtime of version 8.0.221
Dec 30, 2019 7:57:37 AM javafx.fxml.FXMLLoader$ValueElement processValue
WARNING: Loading FXML document with JavaFX API of version 11.0.1 by JavaFX runtime of version 8.0.221
Dec 30, 2019 7:57:39 AM javafx.fxml.FXMLLoader$ValueElement processValue
WARNING: Loading FXML document with JavaFX API of version 11.0.1 by JavaFX runtime of version 8.0.221
Dec 30, 2019 8:21:17 AM javafx.fxml.FXMLLoader$ValueElement processValue
WARNING: Loading FXML document with JavaFX API of version 11.0.1 by JavaFX runtime of version 8.0.221
Dec 30, 2019 8:21:23 AM javafx.fxml.FXMLLoader$ValueElement processValue
WARNING: Loading FXML document with JavaFX API of version 11.0.1 by JavaFX runtime of version 8.0.221
Dec 30, 2019 8:21:50 AM javafx.fxml.FXMLLoader$ValueElement processValue
WARNING: Loading FXML document with JavaFX API of version 11.0.1 by JavaFX runtime of version 8.0.221
Dec 30, 2019 8:21:53 AM javafx.fxml.FXMLLoader$ValueElement processValue
WARNING: Loading FXML document with JavaFX API of version 11.0.1 by JavaFX runtime of version 8.0.221
Dec 30, 2019 8:23:10 AM javafx.fxml.FXMLLoader$ValueElement processValue
WARNING: Loading FXML document with JavaFX API of version 11.0.1 by JavaFX runtime of version 8.0.221
Dec 30, 2019 8:23:16 AM javafx.fxml.FXMLLoader$ValueElement processValue
WARNING: Loading FXML document with JavaFX API of version 11.0.1 by JavaFX runtime of version 8.0.221
Dec 30, 2019 8:23:25 AM javafx.fxml.FXMLLoader$ValueElement processValue
WARNING: Loading FXML document with JavaFX API of version 11.0.1 by JavaFX runtime of version 8.0.221
Dec 30, 2019 8:23:27 AM javafx.fxml.FXMLLoader$ValueElement processValue
WARNING: Loading FXML document with JavaFX API of version 11.0.1 by JavaFX runtime of version 8.0.221
Dec 30, 2019 8:24:41 AM javafx.fxml.FXMLLoader$ValueElement processValue
WARNING: Loading FXML document with JavaFX API of version 11.0.1 by JavaFX runtime of version 8.0.221
Dec 30, 2019 8:24:48 AM javafx.fxml.FXMLLoader$ValueElement processValue
WARNING: Loading FXML document with JavaFX API of version 11.0.1 by JavaFX runtime of version 8.0.221
Dec 30, 2019 8:25:03 AM javafx.fxml.FXMLLoader$ValueElement processValue
WARNING: Loading FXML document with JavaFX API of version 11.0.1 by JavaFX runtime of version 8.0.221
Dec 30, 2019 8:25:06 AM javafx.fxml.FXMLLoader$ValueElement processValue
WARNING: Loading FXML document with JavaFX API of version 11.0.1 by JavaFX runtime of version 8.0.221
Dec 30, 2019 8:27:38 AM javafx.fxml.FXMLLoader$ValueElement processValue
WARNING: Loading FXML document with JavaFX API of version 11.0.1 by JavaFX runtime of version 8.0.221
Dec 30, 2019 8:27:44 AM javafx.fxml.FXMLLoader$ValueElement processValue
WARNING: Loading FXML document with JavaFX API of version 11.0.1 by JavaFX runtime of version 8.0.221
Dec 30, 2019 8:27:56 AM javafx.fxml.FXMLLoader$ValueElement processValue
WARNING: Loading FXML document with JavaFX API of version 11.0.1 by JavaFX runtime of version 8.0.221
Dec 30, 2019 8:27:58 AM javafx.fxml.FXMLLoader$ValueElement processValue
WARNING: Loading FXML document with JavaFX API of version 11.0.1 by JavaFX runtime of version 8.0.221
Dec 30, 2019 9:38:46 AM javafx.fxml.FXMLLoader$ValueElement processValue
WARNING: Loading FXML document with JavaFX API of version 11.0.1 by JavaFX runtime of version 8.0.221
Dec 30, 2019 9:41:47 AM javafx.fxml.FXMLLoader$ValueElement processValue
WARNING: Loading FXML document with JavaFX API of version 11.0.1 by JavaFX runtime of version 8.0.221
Dec 30, 2019 9:41:54 AM javafx.fxml.FXMLLoader$ValueElement processValue
WARNING: Loading FXML document with JavaFX API of version 11.0.1 by JavaFX runtime of version 8.0.221
Dec 30, 2019 9:42:09 AM javafx.fxml.FXMLLoader$ValueElement processValue
WARNING: Loading FXML document with JavaFX API of version 11.0.1 by JavaFX runtime of version 8.0.221
Dec 30, 2019 9:42:12 AM javafx.fxml.FXMLLoader$ValueElement processValue
WARNING: Loading FXML document with JavaFX API of version 11.0.1 by JavaFX runtime of version 8.0.221
Dec 30, 2019 9:46:16 AM javafx.fxml.FXMLLoader$ValueElement processValue
WARNING: Loading FXML document with JavaFX API of version 11.0.1 by JavaFX runtime of version 8.0.221
Dec 30, 2019 9:46:22 AM javafx.fxml.FXMLLoader$ValueElement processValue
WARNING: Loading FXML document with JavaFX API of version 11.0.1 by JavaFX runtime of version 8.0.221
Dec 30, 2019 9:46:46 AM javafx.fxml.FXMLLoader$ValueElement processValue
WARNING: Loading FXML document with JavaFX API of version 11.0.1 by JavaFX runtime of version 8.0.221
Dec 30, 2019 9:46:48 AM javafx.fxml.FXMLLoader$ValueElement processValue
WARNING: Loading FXML document with JavaFX API of version 11.0.1 by JavaFX runtime of version 8.0.221
Dec 30, 2019 9:58:13 AM javafx.fxml.FXMLLoader$ValueElement processValue
WARNING: Loading FXML document with JavaFX API of version 11.0.1 by JavaFX runtime of version 8.0.221
Dec 30, 2019 9:58:20 AM javafx.fxml.FXMLLoader$ValueElement processValue
WARNING: Loading FXML document with JavaFX API of version 11.0.1 by JavaFX runtime of version 8.0.221
Dec 30, 2019 9:58:29 AM javafx.fxml.FXMLLoader$ValueElement processValue
WARNING: Loading FXML document with JavaFX API of version 11.0.1 by JavaFX runtime of version 8.0.221
Dec 30, 2019 9:58:32 AM javafx.fxml.FXMLLoader$ValueElement processValue
WARNING: Loading FXML document with JavaFX API of version 11.0.1 by JavaFX runtime of version 8.0.221
Dec 30, 2019 10:00:19 AM javafx.fxml.FXMLLoader$ValueElement processValue
WARNING: Loading FXML document with JavaFX API of version 11.0.1 by JavaFX runtime of version 8.0.221
Dec 30, 2019 10:00:26 AM javafx.fxml.FXMLLoader$ValueElement processValue
WARNING: Loading FXML document with JavaFX API of version 11.0.1 by JavaFX runtime of version 8.0.221
Dec 30, 2019 10:00:35 AM javafx.fxml.FXMLLoader$ValueElement processValue
WARNING: Loading FXML document with JavaFX API of version 11.0.1 by JavaFX runtime of version 8.0.221
Dec 30, 2019 10:00:40 AM javafx.fxml.FXMLLoader$ValueElement processValue
WARNING: Loading FXML document with JavaFX API of version 11.0.1 by JavaFX runtime of version 8.0.221
Dec 30, 2019 11:06:23 AM javafx.fxml.FXMLLoader$ValueElement processValue
WARNING: Loading FXML document with JavaFX API of version 11.0.1 by JavaFX runtime of version 8.0.221
Dec 30, 2019 11:06:30 AM javafx.fxml.FXMLLoader$ValueElement processValue
WARNING: Loading FXML document with JavaFX API of version 11.0.1 by JavaFX runtime of version 8.0.221
Dec 30, 2019 11:06:51 AM javafx.fxml.FXMLLoader$ValueElement processValue
WARNING: Loading FXML document with JavaFX API of version 11.0.1 by JavaFX runtime of version 8.0.221
Dec 30, 2019 11:07:35 AM javafx.fxml.FXMLLoader$ValueElement processValue
WARNING: Loading FXML document with JavaFX API of version 11.0.1 by JavaFX runtime of version 8.0.221
Dec 30, 2019 11:07:41 AM javafx.fxml.FXMLLoader$ValueElement processValue
WARNING: Loading FXML document with JavaFX API of version 11.0.1 by JavaFX runtime of version 8.0.221
Dec 30, 2019 11:07:51 AM javafx.fxml.FXMLLoader$ValueElement processValue
WARNING: Loading FXML document with JavaFX API of version 11.0.1 by JavaFX runtime of version 8.0.221
Dec 30, 2019 11:07:56 AM javafx.fxml.FXMLLoader$ValueElement processValue
WARNING: Loading FXML document with JavaFX API of version 11.0.1 by JavaFX runtime of version 8.0.221
Dec 30, 2019 11:08:01 AM javafx.fxml.FXMLLoader$ValueElement processValue
WARNING: Loading FXML document with JavaFX API of version 11.0.1 by JavaFX runtime of version 8.0.221
Dec 30, 2019 11:08:04 AM javafx.fxml.FXMLLoader$ValueElement processValue
WARNING: Loading FXML document with JavaFX API of version 11.0.1 by JavaFX runtime of version 8.0.221
Dec 30, 2019 11:09:04 AM javafx.fxml.FXMLLoader$ValueElement processValue
WARNING: Loading FXML document with JavaFX API of version 11.0.1 by JavaFX runtime of version 8.0.221
Dec 30, 2019 11:10:30 AM javafx.fxml.FXMLLoader$ValueElement processValue
WARNING: Loading FXML document with JavaFX API of version 11.0.1 by JavaFX runtime of version 8.0.221
Dec 30, 2019 11:10:36 AM javafx.fxml.FXMLLoader$ValueElement processValue
WARNING: Loading FXML document with JavaFX API of version 11.0.1 by JavaFX runtime of version 8.0.221
Dec 30, 2019 11:10:46 AM javafx.fxml.FXMLLoader$ValueElement processValue
WARNING: Loading FXML document with JavaFX API of version 11.0.1 by JavaFX runtime of version 8.0.221
Dec 30, 2019 11:10:51 AM javafx.fxml.FXMLLoader$ValueElement processValue
WARNING: Loading FXML document with JavaFX API of version 11.0.1 by JavaFX runtime of version 8.0.221
Dec 30, 2019 11:18:25 AM javafx.fxml.FXMLLoader$ValueElement processValue
WARNING: Loading FXML document with JavaFX API of version 11.0.1 by JavaFX runtime of version 8.0.221
Dec 30, 2019 11:18:31 AM javafx.fxml.FXMLLoader$ValueElement processValue
WARNING: Loading FXML document with JavaFX API of version 11.0.1 by JavaFX runtime of version 8.0.221
Dec 30, 2019 11:18:57 AM javafx.fxml.FXMLLoader$ValueElement processValue
WARNING: Loading FXML document with JavaFX API of version 11.0.1 by JavaFX runtime of version 8.0.221
Dec 30, 2019 11:34:42 AM javafx.fxml.FXMLLoader$ValueElement processValue
WARNING: Loading FXML document with JavaFX API of version 11.0.1 by JavaFX runtime of version 8.0.221
Dec 30, 2019 11:34:51 AM javafx.fxml.FXMLLoader$ValueElement processValue
WARNING: Loading FXML document with JavaFX API of version 11.0.1 by JavaFX runtime of version 8.0.221
Dec 30, 2019 11:35:21 AM javafx.fxml.FXMLLoader$ValueElement processValue
WARNING: Loading FXML document with JavaFX API of version 11.0.1 by JavaFX runtime of version 8.0.221
Dec 30, 2019 11:35:26 AM javafx.fxml.FXMLLoader$ValueElement processValue
WARNING: Loading FXML document with JavaFX API of version 11.0.1 by JavaFX runtime of version 8.0.221
Dec 30, 2019 11:35:28 AM javafx.fxml.FXMLLoader$ValueElement processValue
WARNING: Loading FXML document with JavaFX API of version 11.0.1 by JavaFX runtime of version 8.0.221
Dec 30, 2019 11:35:29 AM javafx.fxml.FXMLLoader$ValueElement processValue
WARNING: Loading FXML document with JavaFX API of version 11.0.1 by JavaFX runtime of version 8.0.221
Dec 30, 2019 11:35:30 AM javafx.fxml.FXMLLoader$ValueElement processValue
WARNING: Loading FXML document with JavaFX API of version 11.0.1 by JavaFX runtime of version 8.0.221
Dec 30, 2019 11:38:34 AM javafx.fxml.FXMLLoader$ValueElement processValue
WARNING: Loading FXML document with JavaFX API of version 11.0.1 by JavaFX runtime of version 8.0.221
Dec 30, 2019 11:38:40 AM javafx.fxml.FXMLLoader$ValueElement processValue
WARNING: Loading FXML document with JavaFX API of version 11.0.1 by JavaFX runtime of version 8.0.221
Dec 30, 2019 11:38:56 AM javafx.fxml.FXMLLoader$ValueElement processValue
WARNING: Loading FXML document with JavaFX API of version 11.0.1 by JavaFX runtime of version 8.0.221
Dec 30, 2019 11:38:58 AM com.sun.javafx.css.parser.CSSParser term
WARNING: CSS Error parsing file:/E:/IJSE%20Important/Leave-and-Payroll-system/out/production/Leave-and-Payroll-system/lk/ijse/dep/payroll/view/style/empMainStyle.css: Unexpected token '16EE' at [31,19]
Dec 30, 2019 11:39:03 AM javafx.fxml.FXMLLoader$ValueElement processValue
WARNING: Loading FXML document with JavaFX API of version 11.0.1 by JavaFX runtime of version 8.0.221
Dec 30, 2019 11:39:28 AM javafx.fxml.FXMLLoader$ValueElement processValue
WARNING: Loading FXML document with JavaFX API of version 11.0.1 by JavaFX runtime of version 8.0.221
Dec 30, 2019 11:39:34 AM javafx.fxml.FXMLLoader$ValueElement processValue
WARNING: Loading FXML document with JavaFX API of version 11.0.1 by JavaFX runtime of version 8.0.221
Dec 30, 2019 11:39:46 AM javafx.fxml.FXMLLoader$ValueElement processValue
WARNING: Loading FXML document with JavaFX API of version 11.0.1 by JavaFX runtime of version 8.0.221
Dec 30, 2019 5:59:47 PM javafx.fxml.FXMLLoader$ValueElement processValue
WARNING: Loading FXML document with JavaFX API of version 11.0.1 by JavaFX runtime of version 8.0.221
Dec 30, 2019 5:59:56 PM javafx.fxml.FXMLLoader$ValueElement processValue
WARNING: Loading FXML document with JavaFX API of version 11.0.1 by JavaFX runtime of version 8.0.221
Dec 30, 2019 6:14:44 PM javafx.fxml.FXMLLoader$ValueElement processValue
WARNING: Loading FXML document with JavaFX API of version 11.0.1 by JavaFX runtime of version 8.0.221
Dec 30, 2019 6:14:50 PM javafx.fxml.FXMLLoader$ValueElement processValue
WARNING: Loading FXML document with JavaFX API of version 11.0.1 by JavaFX runtime of version 8.0.221
Dec 30, 2019 6:21:40 PM javafx.fxml.FXMLLoader$ValueElement processValue
WARNING: Loading FXML document with JavaFX API of version 11.0.1 by JavaFX runtime of version 8.0.221
Dec 30, 2019 6:21:47 PM javafx.fxml.FXMLLoader$ValueElement processValue
WARNING: Loading FXML document with JavaFX API of version 11.0.1 by JavaFX runtime of version 8.0.221
Dec 30, 2019 6:24:18 PM javafx.fxml.FXMLLoader$ValueElement processValue
WARNING: Loading FXML document with JavaFX API of version 11.0.1 by JavaFX runtime of version 8.0.221
Dec 30, 2019 6:24:19 PM com.sun.javafx.css.parser.CSSParser term
WARNING: CSS Error parsing file:/E:/IJSE%20Important/Leave-and-Payroll-system/out/production/Leave-and-Payroll-system/lk/ijse/dep/payroll/view/style/empMainStyle.css: Unexpected token '16EE' at [31,19]
Dec 30, 2019 6:24:30 PM javafx.fxml.FXMLLoader$ValueElement processValue
WARNING: Loading FXML document with JavaFX API of version 11.0.1 by JavaFX runtime of version 8.0.221
Dec 30, 2019 6:24:32 PM javafx.fxml.FXMLLoader$ValueElement processValue
WARNING: Loading FXML document with JavaFX API of version 11.0.1 by JavaFX runtime of version 8.0.221
Dec 30, 2019 6:24:33 PM javafx.fxml.FXMLLoader$ValueElement processValue
WARNING: Loading FXML document with JavaFX API of version 11.0.1 by JavaFX runtime of version 8.0.221
Dec 30, 2019 6:24:34 PM javafx.fxml.FXMLLoader$ValueElement processValue
WARNING: Loading FXML document with JavaFX API of version 11.0.1 by JavaFX runtime of version 8.0.221
Dec 30, 2019 6:24:36 PM javafx.fxml.FXMLLoader$ValueElement processValue
WARNING: Loading FXML document with JavaFX API of version 11.0.1 by JavaFX runtime of version 8.0.221
Dec 30, 2019 6:24:38 PM javafx.fxml.FXMLLoader$ValueElement processValue
WARNING: Loading FXML document with JavaFX API of version 11.0.1 by JavaFX runtime of version 8.0.221
Dec 30, 2019 6:24:39 PM javafx.fxml.FXMLLoader$ValueElement processValue
WARNING: Loading FXML document with JavaFX API of version 11.0.1 by JavaFX runtime of version 8.0.221
Dec 30, 2019 6:24:40 PM javafx.fxml.FXMLLoader$ValueElement processValue
WARNING: Loading FXML document with JavaFX API of version 11.0.1 by JavaFX runtime of version 8.0.221
Dec 30, 2019 6:25:03 PM javafx.fxml.FXMLLoader$ValueElement processValue
WARNING: Loading FXML document with JavaFX API of version 11.0.1 by JavaFX runtime of version 8.0.221
Dec 30, 2019 6:25:06 PM javafx.fxml.FXMLLoader$ValueElement processValue
WARNING: Loading FXML document with JavaFX API of version 11.0.1 by JavaFX runtime of version 8.0.221
Dec 30, 2019 6:25:09 PM javafx.fxml.FXMLLoader$ValueElement processValue
WARNING: Loading FXML document with JavaFX API of version 11.0.1 by JavaFX runtime of version 8.0.221
Dec 30, 2019 6:35:47 PM javafx.fxml.FXMLLoader$ValueElement processValue
WARNING: Loading FXML document with JavaFX API of version 11.0.1 by JavaFX runtime of version 8.0.221
Dec 30, 2019 6:35:53 PM javafx.fxml.FXMLLoader$ValueElement processValue
WARNING: Loading FXML document with JavaFX API of version 11.0.1 by JavaFX runtime of version 8.0.221
Dec 30, 2019 6:36:08 PM javafx.fxml.FXMLLoader$ValueElement processValue
WARNING: Loading FXML document with JavaFX API of version 11.0.1 by JavaFX runtime of version 8.0.221
Dec 30, 2019 6:36:09 PM com.sun.javafx.css.parser.CSSParser term
WARNING: CSS Error parsing file:/E:/IJSE%20Important/Leave-and-Payroll-system/out/production/Leave-and-Payroll-system/lk/ijse/dep/payroll/view/style/empMainStyle.css: Unexpected token '16EE' at [31,19]
Dec 30, 2019 6:36:22 PM javafx.fxml.FXMLLoader$ValueElement processValue
WARNING: Loading FXML document with JavaFX API of version 11.0.1 by JavaFX runtime of version 8.0.221
Dec 30, 2019 7:21:33 PM javafx.fxml.FXMLLoader$ValueElement processValue
WARNING: Loading FXML document with JavaFX API of version 11.0.1 by JavaFX runtime of version 8.0.221
Dec 30, 2019 7:21:39 PM javafx.fxml.FXMLLoader$ValueElement processValue
WARNING: Loading FXML document with JavaFX API of version 11.0.1 by JavaFX runtime of version 8.0.221
Dec 30, 2019 7:21:55 PM javafx.fxml.FXMLLoader$ValueElement processValue
WARNING: Loading FXML document with JavaFX API of version 11.0.1 by JavaFX runtime of version 8.0.221
Dec 30, 2019 7:21:56 PM com.sun.javafx.css.parser.CSSParser term
WARNING: CSS Error parsing file:/E:/IJSE%20Important/Leave-and-Payroll-system/out/production/Leave-and-Payroll-system/lk/ijse/dep/payroll/view/style/empMainStyle.css: Unexpected token '16EE' at [31,19]
Dec 30, 2019 7:22:54 PM javafx.fxml.FXMLLoader$ValueElement processValue
WARNING: Loading FXML document with JavaFX API of version 11.0.1 by JavaFX runtime of version 8.0.221
Dec 30, 2019 7:23:00 PM javafx.fxml.FXMLLoader$ValueElement processValue
WARNING: Loading FXML document with JavaFX API of version 11.0.1 by JavaFX runtime of version 8.0.221
Dec 30, 2019 7:23:09 PM javafx.fxml.FXMLLoader$ValueElement processValue
WARNING: Loading FXML document with JavaFX API of version 11.0.1 by JavaFX runtime of version 8.0.221
Dec 30, 2019 7:23:10 PM com.sun.javafx.css.parser.CSSParser term
WARNING: CSS Error parsing file:/E:/IJSE%20Important/Leave-and-Payroll-system/out/production/Leave-and-Payroll-system/lk/ijse/dep/payroll/view/style/empMainStyle.css: Unexpected token '16EE' at [31,19]
Dec 30, 2019 7:23:30 PM javafx.fxml.FXMLLoader$ValueElement processValue
WARNING: Loading FXML document with JavaFX API of version 11.0.1 by JavaFX runtime of version 8.0.221
Dec 30, 2019 7:23:36 PM javafx.fxml.FXMLLoader$ValueElement processValue
WARNING: Loading FXML document with JavaFX API of version 11.0.1 by JavaFX runtime of version 8.0.221
Dec 30, 2019 7:23:51 PM javafx.fxml.FXMLLoader$ValueElement processValue
WARNING: Loading FXML document with JavaFX API of version 11.0.1 by JavaFX runtime of version 8.0.221
Dec 30, 2019 7:23:52 PM com.sun.javafx.css.parser.CSSParser term
WARNING: CSS Error parsing file:/E:/IJSE%20Important/Leave-and-Payroll-system/out/production/Leave-and-Payroll-system/lk/ijse/dep/payroll/view/style/empMainStyle.css: Unexpected token '16EE' at [31,19]
Dec 30, 2019 7:23:57 PM javafx.fxml.FXMLLoader$ValueElement processValue
WARNING: Loading FXML document with JavaFX API of version 11.0.1 by JavaFX runtime of version 8.0.221
Dec 30, 2019 7:24:35 PM javafx.fxml.FXMLLoader$ValueElement processValue
WARNING: Loading FXML document with JavaFX API of version 11.0.1 by JavaFX runtime of version 8.0.221
Dec 30, 2019 7:24:42 PM javafx.fxml.FXMLLoader$ValueElement processValue
WARNING: Loading FXML document with JavaFX API of version 11.0.1 by JavaFX runtime of version 8.0.221
Dec 30, 2019 7:24:51 PM javafx.fxml.FXMLLoader$ValueElement processValue
WARNING: Loading FXML document with JavaFX API of version 11.0.1 by JavaFX runtime of version 8.0.221
Dec 30, 2019 7:24:52 PM com.sun.javafx.css.parser.CSSParser term
WARNING: CSS Error parsing file:/E:/IJSE%20Important/Leave-and-Payroll-system/out/production/Leave-and-Payroll-system/lk/ijse/dep/payroll/view/style/empMainStyle.css: Unexpected token '16EE' at [31,19]
Dec 30, 2019 7:26:14 PM javafx.fxml.FXMLLoader$ValueElement processValue
WARNING: Loading FXML document with JavaFX API of version 11.0.1 by JavaFX runtime of version 8.0.221
Dec 30, 2019 7:26:20 PM javafx.fxml.FXMLLoader$ValueElement processValue
WARNING: Loading FXML document with JavaFX API of version 11.0.1 by JavaFX runtime of version 8.0.221
Dec 30, 2019 7:26:38 PM javafx.fxml.FXMLLoader$ValueElement processValue
WARNING: Loading FXML document with JavaFX API of version 11.0.1 by JavaFX runtime of version 8.0.221
Dec 30, 2019 7:27:08 PM javafx.fxml.FXMLLoader$ValueElement processValue
WARNING: Loading FXML document with JavaFX API of version 11.0.1 by JavaFX runtime of version 8.0.221
Dec 30, 2019 7:27:14 PM javafx.fxml.FXMLLoader$ValueElement processValue
WARNING: Loading FXML document with JavaFX API of version 11.0.1 by JavaFX runtime of version 8.0.221
Dec 30, 2019 7:27:42 PM javafx.fxml.FXMLLoader$ValueElement processValue
WARNING: Loading FXML document with JavaFX API of version 11.0.1 by JavaFX runtime of version 8.0.221
Dec 30, 2019 7:27:45 PM javafx.fxml.FXMLLoader$ValueElement processValue
WARNING: Loading FXML document with JavaFX API of version 11.0.1 by JavaFX runtime of version 8.0.221
Dec 30, 2019 7:30:11 PM javafx.fxml.FXMLLoader$ValueElement processValue
WARNING: Loading FXML document with JavaFX API of version 11.0.1 by JavaFX runtime of version 8.0.221
Dec 30, 2019 7:30:17 PM javafx.fxml.FXMLLoader$ValueElement processValue
WARNING: Loading FXML document with JavaFX API of version 11.0.1 by JavaFX runtime of version 8.0.221
Dec 30, 2019 7:30:32 PM javafx.fxml.FXMLLoader$ValueElement processValue
WARNING: Loading FXML document with JavaFX API of version 11.0.1 by JavaFX runtime of version 8.0.221
Dec 30, 2019 7:30:36 PM javafx.fxml.FXMLLoader$ValueElement processValue
WARNING: Loading FXML document with JavaFX API of version 11.0.1 by JavaFX runtime of version 8.0.221
Dec 30, 2019 7:30:37 PM javafx.fxml.FXMLLoader$ValueElement processValue
WARNING: Loading FXML document with JavaFX API of version 11.0.1 by JavaFX runtime of version 8.0.221
Dec 30, 2019 7:30:38 PM javafx.fxml.FXMLLoader$ValueElement processValue
WARNING: Loading FXML document with JavaFX API of version 11.0.1 by JavaFX runtime of version 8.0.221
Dec 30, 2019 7:30:38 PM javafx.fxml.FXMLLoader$ValueElement processValue
WARNING: Loading FXML document with JavaFX API of version 11.0.1 by JavaFX runtime of version 8.0.221
Dec 30, 2019 7:30:39 PM javafx.fxml.FXMLLoader$ValueElement processValue
WARNING: Loading FXML document with JavaFX API of version 11.0.1 by JavaFX runtime of version 8.0.221
Dec 30, 2019 7:30:40 PM javafx.fxml.FXMLLoader$ValueElement processValue
WARNING: Loading FXML document with JavaFX API of version 11.0.1 by JavaFX runtime of version 8.0.221
Dec 30, 2019 7:39:53 PM javafx.fxml.FXMLLoader$ValueElement processValue
WARNING: Loading FXML document with JavaFX API of version 11.0.1 by JavaFX runtime of version 8.0.221
Dec 30, 2019 7:39:59 PM javafx.fxml.FXMLLoader$ValueElement processValue
WARNING: Loading FXML document with JavaFX API of version 11.0.1 by JavaFX runtime of version 8.0.221
Dec 30, 2019 7:40:15 PM javafx.fxml.FXMLLoader$ValueElement processValue
WARNING: Loading FXML document with JavaFX API of version 11.0.1 by JavaFX runtime of version 8.0.221
Dec 30, 2019 7:40:18 PM javafx.fxml.FXMLLoader$ValueElement processValue
WARNING: Loading FXML document with JavaFX API of version 11.0.1 by JavaFX runtime of version 8.0.221
Dec 30, 2019 7:54:21 PM javafx.fxml.FXMLLoader$ValueElement processValue
WARNING: Loading FXML document with JavaFX API of version 11.0.1 by JavaFX runtime of version 8.0.221
Dec 30, 2019 7:54:28 PM javafx.fxml.FXMLLoader$ValueElement processValue
WARNING: Loading FXML document with JavaFX API of version 11.0.1 by JavaFX runtime of version 8.0.221
Dec 30, 2019 7:54:52 PM javafx.fxml.FXMLLoader$ValueElement processValue
WARNING: Loading FXML document with JavaFX API of version 11.0.1 by JavaFX runtime of version 8.0.221
Dec 30, 2019 7:55:01 PM javafx.fxml.FXMLLoader$ValueElement processValue
WARNING: Loading FXML document with JavaFX API of version 11.0.1 by JavaFX runtime of version 8.0.221
Dec 30, 2019 7:57:28 PM javafx.fxml.FXMLLoader$ValueElement processValue
WARNING: Loading FXML document with JavaFX API of version 11.0.1 by JavaFX runtime of version 8.0.221
Dec 30, 2019 7:57:34 PM javafx.fxml.FXMLLoader$ValueElement processValue
WARNING: Loading FXML document with JavaFX API of version 11.0.1 by JavaFX runtime of version 8.0.221
Dec 30, 2019 7:57:59 PM javafx.fxml.FXMLLoader$ValueElement processValue
WARNING: Loading FXML document with JavaFX API of version 11.0.1 by JavaFX runtime of version 8.0.221
Dec 30, 2019 7:58:02 PM javafx.fxml.FXMLLoader$ValueElement processValue
WARNING: Loading FXML document with JavaFX API of version 11.0.1 by JavaFX runtime of version 8.0.221
Dec 30, 2019 7:58:05 PM javafx.fxml.FXMLLoader$ValueElement processValue
WARNING: Loading FXML document with JavaFX API of version 11.0.1 by JavaFX runtime of version 8.0.221
Dec 30, 2019 7:58:07 PM javafx.fxml.FXMLLoader$ValueElement processValue
WARNING: Loading FXML document with JavaFX API of version 11.0.1 by JavaFX runtime of version 8.0.221
Dec 30, 2019 7:58:09 PM javafx.fxml.FXMLLoader$ValueElement processValue
WARNING: Loading FXML document with JavaFX API of version 11.0.1 by JavaFX runtime of version 8.0.221
Dec 30, 2019 8:02:39 PM javafx.fxml.FXMLLoader$ValueElement processValue
WARNING: Loading FXML document with JavaFX API of version 11.0.1 by JavaFX runtime of version 8.0.221
Dec 30, 2019 8:02:46 PM javafx.fxml.FXMLLoader$ValueElement processValue
WARNING: Loading FXML document with JavaFX API of version 11.0.1 by JavaFX runtime of version 8.0.221
Dec 30, 2019 9:06:36 PM javafx.fxml.FXMLLoader$ValueElement processValue
WARNING: Loading FXML document with JavaFX API of version 11.0.1 by JavaFX runtime of version 8.0.221
Dec 30, 2019 9:06:39 PM javafx.fxml.FXMLLoader$ValueElement processValue
WARNING: Loading FXML document with JavaFX API of version 11.0.1 by JavaFX runtime of version 8.0.221
